<?xml version="1.0" encoding="UTF-8"?>
<!-- Generated by org.testng.reporters.JUnitReportReporter -->
<testsuite skipped="0" hostname="DESKTOP-P07OGD8" name="DemoTestNG.Demo2" tests="1" failures="0" timestamp="01 Aug 2019 10:21:45 GMT" time="7.214" errors="0">
  <testcase name="TestCase" time="7.214" classname="DemoTestNG.Demo2"/>
</testsuite> <!-- DemoTestNG.Demo2 -->
