<?xml version="1.0" encoding="UTF-8"?>
<!-- Generated by org.testng.reporters.JUnitReportReporter -->
<testsuite skipped="0" hostname="DESKTOP-P07OGD8" name="DemoTestNG.Demo6_Groups" tests="2" failures="0" timestamp="05 Aug 2019 05:14:34 GMT" time="0.021" errors="0">
  <testcase name="testcase1" time="0.021" classname="DemoTestNG.Demo6_Groups"/>
  <testcase name="testcase2" time="0.000" classname="DemoTestNG.Demo6_Groups"/>
</testsuite> <!-- DemoTestNG.Demo6_Groups -->
